# nThread 1 nGpus 4 minBytes 8 maxBytes 8589934592 step: 2(factor) warmup iters: 5 iters: 20 agg iters: 1 validation: 1 graph: 0
#
# Using devices
#  Rank  0 Group  0 Pid 2117457 on  nid001253 device  0 [0000:03:00] NVIDIA A100-SXM4-40GB
#  Rank  1 Group  0 Pid 2117457 on  nid001253 device  1 [0000:41:00] NVIDIA A100-SXM4-40GB
#  Rank  2 Group  0 Pid 2117457 on  nid001253 device  2 [0000:82:00] NVIDIA A100-SXM4-40GB
#  Rank  3 Group  0 Pid 2117457 on  nid001253 device  3 [0000:c1:00] NVIDIA A100-SXM4-40GB
#
#                                                              out-of-place                       in-place          
#       size         count      type   redop    root     time   algbw   busbw #wrong     time   algbw   busbw #wrong
#        (B)    (elements)                               (us)  (GB/s)  (GB/s)            (us)  (GB/s)  (GB/s)       
           8             2     float     sum      -1    16.30    0.00    0.00      0    16.16    0.00    0.00      0
          16             4     float     sum      -1    16.54    0.00    0.00      0    16.33    0.00    0.00      0
          32             8     float     sum      -1    15.79    0.00    0.00      0    14.84    0.00    0.00      0
          64            16     float     sum      -1    15.34    0.00    0.01      0    14.77    0.00    0.01      0
         128            32     float     sum      -1    15.48    0.01    0.01      0    14.85    0.01    0.01      0
         256            64     float     sum      -1    15.08    0.02    0.03      0    15.03    0.02    0.03      0
         512           128     float     sum      -1    15.45    0.03    0.05      0    14.85    0.03    0.05      0
        1024           256     float     sum      -1    15.22    0.07    0.10      0    14.95    0.07    0.10      0
        2048           512     float     sum      -1    15.63    0.13    0.20      0    15.03    0.14    0.20      0
        4096          1024     float     sum      -1    15.57    0.26    0.39      0    16.29    0.25    0.38      0
        8192          2048     float     sum      -1    14.98    0.55    0.82      0    15.37    0.53    0.80      0
       16384          4096     float     sum      -1    15.90    1.03    1.55      0    14.92    1.10    1.65      0
       32768          8192     float     sum      -1    16.63    1.97    2.96      0    16.90    1.94    2.91      0
       65536         16384     float     sum      -1    16.77    3.91    5.86      0    16.46    3.98    5.97      0
      131072         32768     float     sum      -1    19.06    6.88   10.32      0    18.10    7.24   10.86      0
      262144         65536     float     sum      -1    21.11   12.42   18.62      0    21.62   12.13   18.19      0
      524288        131072     float     sum      -1    24.00   21.85   32.77      0    23.39   22.42   33.63      0
     1048576        262144     float     sum      -1    29.33   35.75   53.63      0    29.60   35.42   53.13      0
     2097152        524288     float     sum      -1    51.40   40.80   61.20      0    51.26   40.91   61.37      0
     4194304       1048576     float     sum      -1    71.82   58.40   87.60      0    71.45   58.71   88.06      0
     8388608       2097152     float     sum      -1    110.5   75.95  113.92      0    108.1   77.58  116.37      0
    16777216       4194304     float     sum      -1    178.6   93.93  140.89      0    175.8   95.41  143.12      0
    33554432       8388608     float     sum      -1    290.3  115.59  173.38      0    289.0  116.09  174.14      0
    67108864      16777216     float     sum      -1    549.4  122.16  183.24      0    548.0  122.46  183.69      0
   134217728      33554432     float     sum      -1   1016.0  132.10  198.16      0   1017.2  131.94  197.91      0
   268435456      67108864     float     sum      -1   1958.5  137.06  205.59      0   1957.9  137.10  205.66      0
   536870912     134217728     float     sum      -1   3783.5  141.90  212.85      0   3781.5  141.97  212.96      0
  1073741824     268435456     float     sum      -1   7399.0  145.12  217.68      0   7459.6  143.94  215.91      0
  2147483648     536870912     float     sum      -1    14465  148.46  222.68      0    14457  148.54  222.82      0
  4294967296    1073741824     float     sum      -1    28528  150.55  225.83      0    28547  150.45  225.68      0
  8589934592    2147483648     float     sum      -1    56555  151.89  227.83      0    56559  151.87  227.81      0
# Out of bounds values : 0 OK
# Avg bus bandwidth    : 77.4451 
#

