# nThread 1 nGpus 4 minBytes 8 maxBytes 8589934592 step: 2(factor) warmup iters: 5 iters: 20 agg iters: 1 validation: 1 graph: 0
#
# Using devices
#  Rank  0 Group  0 Pid 200241 on  nid001252 device  0 [0000:03:00] NVIDIA A100-SXM4-40GB
#  Rank  1 Group  0 Pid 200241 on  nid001252 device  1 [0000:41:00] NVIDIA A100-SXM4-40GB
#  Rank  2 Group  0 Pid 200241 on  nid001252 device  2 [0000:82:00] NVIDIA A100-SXM4-40GB
#  Rank  3 Group  0 Pid 200241 on  nid001252 device  3 [0000:c1:00] NVIDIA A100-SXM4-40GB
#
#                                                              out-of-place                       in-place          
#       size         count      type   redop    root     time   algbw   busbw #wrong     time   algbw   busbw #wrong
#        (B)    (elements)                               (us)  (GB/s)  (GB/s)            (us)  (GB/s)  (GB/s)       
           8             2     float     sum      -1    16.68    0.00    0.00      0    16.76    0.00    0.00    N/A
          16             4     float     sum      -1    17.79    0.00    0.00      0    16.71    0.00    0.00    N/A
          32             8     float     sum      -1    16.26    0.00    0.00      0    16.61    0.00    0.00    N/A
          64            16     float     sum      -1    16.14    0.00    0.00      0    15.46    0.00    0.00    N/A
         128            32     float     sum      -1    16.12    0.01    0.01      0    15.83    0.01    0.01    N/A
         256            64     float     sum      -1    16.68    0.02    0.02      0    16.39    0.02    0.02    N/A
         512           128     float     sum      -1    16.37    0.03    0.03      0    16.62    0.03    0.03    N/A
        1024           256     float     sum      -1    16.42    0.06    0.06      0    15.50    0.07    0.07    N/A
        2048           512     float     sum      -1    16.24    0.13    0.13      0    16.52    0.12    0.12    N/A
        4096          1024     float     sum      -1    16.41    0.25    0.25      0    17.09    0.24    0.24    N/A
        8192          2048     float     sum      -1    15.95    0.51    0.51      0    16.47    0.50    0.50    N/A
       16384          4096     float     sum      -1    16.99    0.96    0.96      0    15.43    1.06    1.06    N/A
       32768          8192     float     sum      -1    17.63    1.86    1.86      0    17.58    1.86    1.86    N/A
       65536         16384     float     sum      -1    20.34    3.22    3.22      0    20.36    3.22    3.22    N/A
      131072         32768     float     sum      -1    22.86    5.73    5.73      0    22.67    5.78    5.78    N/A
      262144         65536     float     sum      -1    23.95   10.94   10.94      0    23.65   11.08   11.08    N/A
      524288        131072     float     sum      -1    29.78   17.60   17.60      0    27.61   18.99   18.99    N/A
     1048576        262144     float     sum      -1    38.72   27.08   27.08      0    38.56   27.19   27.19    N/A
     2097152        524288     float     sum      -1    60.42   34.71   34.71      0    58.71   35.72   35.72    N/A
     4194304       1048576     float     sum      -1    100.4   41.78   41.78      0    102.9   40.77   40.77    N/A
     8388608       2097152     float     sum      -1    148.0   56.66   56.66      0    152.4   55.05   55.05    N/A
    16777216       4194304     float     sum      -1    264.4   63.46   63.46      0    263.0   63.79   63.79    N/A
    33554432       8388608     float     sum      -1    470.8   71.27   71.27      0    467.0   71.85   71.85    N/A
    67108864      16777216     float     sum      -1    874.0   76.79   76.79      0    869.4   77.19   77.19    N/A
   134217728      33554432     float     sum      -1   1666.1   80.56   80.56      0   1671.6   80.29   80.29    N/A
   268435456      67108864     float     sum      -1   3290.7   81.57   81.57      0   3300.5   81.33   81.33    N/A
   536870912     134217728     float     sum      -1   6517.3   82.38   82.38      0   6527.1   82.25   82.25    N/A
  1073741824     268435456     float     sum      -1    12979   82.73   82.73      0    12984   82.70   82.70    N/A
  2147483648     536870912     float     sum      -1    25930   82.82   82.82      0    25910   82.88   82.88    N/A
  4294967296    1073741824     float     sum      -1    51739   83.01   83.01      0    51761   82.98   82.98    N/A
  8589934592    2147483648     float     sum      -1   103290   83.16   83.16      0   103358   83.11   83.11    N/A
# Out of bounds values : 0 OK
# Avg bus bandwidth    : 31.9258 
#

